app/build/intermediates/manifest_merge_blame_file/debug/manifest-merger-blame-debug-report.txt
1<?xml version="1.0" encoding="utf-8"?>
2<manifest xmlns:android="http://schemas.android.com/apk/res/android"
3    package="com.neonstack.underground"
4    android:versionCode="1"
5    android:versionName="1.0" >
6
7    <uses-sdk
8        android:minSdkVersion="24"
9        android:targetSdkVersion="34" />
10
11    <uses-permission android:name="android.permission.INTERNET" />
11-->src\main\AndroidManifest.xml:5:5-67
11-->src\main\AndroidManifest.xml:5:22-64
12
13    <application
13-->src\main\AndroidManifest.xml:7:5-27:19
14        android:allowBackup="true"
14-->src\main\AndroidManifest.xml:8:9-35
15        android:debuggable="true"
16        android:extractNativeLibs="false"
17        android:hardwareAccelerated="true"
17-->src\main\AndroidManifest.xml:9:9-43
18        android:label="NEON STACK UNDERGROUND"
18-->src\main\AndroidManifest.xml:10:9-47
19        android:theme="@android:style/Theme.NoTitleBar.Fullscreen"
19-->src\main\AndroidManifest.xml:12:9-67
20        android:usesCleartextTraffic="true" >
20-->src\main\AndroidManifest.xml:11:9-44
21        <activity
21-->src\main\AndroidManifest.xml:13:9-26:20
22            android:name="com.neonstack.underground.MainActivity"
22-->src\main\AndroidManifest.xml:14:13-41
23            android:configChanges="keyboard|keyboardHidden|orientation|screenSize"
23-->src\main\AndroidManifest.xml:15:13-83
24            android:exported="true"
24-->src\main\AndroidManifest.xml:16:13-36
25            android:hardwareAccelerated="true"
25-->src\main\AndroidManifest.xml:17:13-47
26            android:launchMode="singleTask"
26-->src\main\AndroidManifest.xml:18:13-44
27            android:screenOrientation="sensorLandscape"
27-->src\main\AndroidManifest.xml:19:13-56
28            android:theme="@android:style/Theme.NoTitleBar.Fullscreen" >
28-->src\main\AndroidManifest.xml:20:13-71
29            <intent-filter>
29-->src\main\AndroidManifest.xml:21:13-25:29
30                <action android:name="android.intent.action.MAIN" />
30-->src\main\AndroidManifest.xml:22:17-69
30-->src\main\AndroidManifest.xml:22:25-66
31
32                <category android:name="android.intent.category.LAUNCHER" />
32-->src\main\AndroidManifest.xml:24:17-77
32-->src\main\AndroidManifest.xml:24:27-74
33            </intent-filter>
34        </activity>
35    </application>
36
37</manifest>